0 info it worked if it ends with ok
1 verbose cli [ '/Users/sarahscott/.nvm/versions/node/v6.0.0/bin/node',
1 verbose cli   '/Users/sarahscott/.nvm/versions/node/v6.0.0/bin/npm',
1 verbose cli   'run',
1 verbose cli   'storybook' ]
2 info using npm@3.10.5
3 info using node@v6.0.0
4 verbose run-script [ 'prestorybook', 'storybook', 'poststorybook' ]
5 info lifecycle emission@1.0.3~prestorybook: emission@1.0.3
6 silly lifecycle emission@1.0.3~prestorybook: no script for prestorybook, continuing
7 info lifecycle emission@1.0.3~storybook: emission@1.0.3
8 verbose lifecycle emission@1.0.3~storybook: unsafe-perm in lifecycle true
9 verbose lifecycle emission@1.0.3~storybook: PATH: /Users/sarahscott/.nvm/versions/node/v6.0.0/lib/node_modules/npm/bin/node-gyp-bin:/Users/sarahscott/Desktop/dev/emission/node_modules/.bin:/Users/sarahscott/.nvm/versions/node/v6.0.0/bin:/Users/sarahscott/.nvm/versions/node/v6.0.0/lib/node_modules/npm/bin/node-gyp-bin:/Users/sarahscott/Desktop/dev/emission/node_modules/.bin:/Users/sarahscott/.nvm/versions/node/v6.0.0/bin:/Users/sarahscott/.rvm/gems/ruby-2.2.1/bin:/Users/sarahscott/.rvm/gems/ruby-2.2.1@global/bin:/Users/sarahscott/.rvm/rubies/ruby-2.2.1/bin:/Users/sarahscott/.nvm/versions/node/v6.0.0/bin:/usr/local/bin:/usr/bin:/bin:/usr/sbin:/sbin:/Users/sarahscott/.rvm/bin
10 verbose lifecycle emission@1.0.3~storybook: CWD: /Users/sarahscott/Desktop/dev/emission
11 silly lifecycle emission@1.0.3~storybook: Args: [ '-c', 'storybook start -p 9001' ]
12 silly lifecycle emission@1.0.3~storybook: Returned: code: 1  signal: null
13 info lifecycle emission@1.0.3~storybook: Failed to exec storybook script
14 verbose stack Error: emission@1.0.3 storybook: `storybook start -p 9001`
14 verbose stack Exit status 1
14 verbose stack     at EventEmitter.<anonymous> (/Users/sarahscott/.nvm/versions/node/v6.0.0/lib/node_modules/npm/lib/utils/lifecycle.js:242:16)
14 verbose stack     at emitTwo (events.js:106:13)
14 verbose stack     at EventEmitter.emit (events.js:191:7)
14 verbose stack     at ChildProcess.<anonymous> (/Users/sarahscott/.nvm/versions/node/v6.0.0/lib/node_modules/npm/lib/utils/spawn.js:40:14)
14 verbose stack     at emitTwo (events.js:106:13)
14 verbose stack     at ChildProcess.emit (events.js:191:7)
14 verbose stack     at maybeClose (internal/child_process.js:850:16)
14 verbose stack     at Process.ChildProcess._handle.onexit (internal/child_process.js:215:5)
15 verbose pkgid emission@1.0.3
16 verbose cwd /Users/sarahscott/Desktop/dev/emission
17 error Darwin 15.2.0
18 error argv "/Users/sarahscott/.nvm/versions/node/v6.0.0/bin/node" "/Users/sarahscott/.nvm/versions/node/v6.0.0/bin/npm" "run" "storybook"
19 error node v6.0.0
20 error npm  v3.10.5
21 error code ELIFECYCLE
22 error emission@1.0.3 storybook: `storybook start -p 9001`
22 error Exit status 1
23 error Failed at the emission@1.0.3 storybook script 'storybook start -p 9001'.
23 error Make sure you have the latest version of node.js and npm installed.
23 error If you do, this is most likely a problem with the emission package,
23 error not with npm itself.
23 error Tell the author that this fails on your system:
23 error     storybook start -p 9001
23 error You can get information on how to open an issue for this project with:
23 error     npm bugs emission
23 error Or if that isn't available, you can get their info via:
23 error     npm owner ls emission
23 error There is likely additional logging output above.
24 verbose exit [ 1, true ]
